<?xml version="1.0" encoding="UTF-8"?>
<!-- Generated by org.testng.reporters.JUnitReportReporter -->
<testsuite hostname="LAPTOP-U0FAR30F" failures="0" tests="1" name="com.inter.qa.testcases.TC_08_SelectDropDownTest" time="16.757" errors="0" timestamp="2022-11-24T15:00:47 IST" skipped="0">
  <testcase classname="com.inter.qa.testcases.TC_08_SelectDropDownTest" name="verifySelectdropdowntest" time="16.757"/>
  <system-out/>
</testsuite> <!-- com.inter.qa.testcases.TC_08_SelectDropDownTest -->
