<?xml version="1.0" encoding="UTF-8"?>
<!-- Generated by org.testng.reporters.JUnitReportReporter -->
<testsuite hostname="LAPTOP-U0FAR30F" failures="0" tests="1" name="com.inter.qa.testcases.TC_02_AddAndRemoveTest" time="8.281" errors="0" timestamp="2022-11-21T08:15:27 IST" skipped="0">
  <testcase classname="com.inter.qa.testcases.TC_02_AddAndRemoveTest" name="verifyAddElementBtnTest" time="8.281"/>
  <system-out/>
</testsuite> <!-- com.inter.qa.testcases.TC_02_AddAndRemoveTest -->
