<?xml version="1.0" encoding="UTF-8"?>
<!-- Generated by org.testng.reporters.JUnitReportReporter -->
<testsuite hostname="LAPTOP-U0FAR30F" failures="0" tests="1" name="com.inter.qa.testcases.TC_06_DragAndDropTest" time="32.184" errors="0" timestamp="2022-11-23T21:16:45 IST" skipped="0">
  <testcase classname="com.inter.qa.testcases.TC_06_DragAndDropTest" name="verifyDragAndDropTest" time="32.184"/>
  <system-out/>
</testsuite> <!-- com.inter.qa.testcases.TC_06_DragAndDropTest -->
