<?xml version="1.0" encoding="UTF-8"?>
<!-- Generated by org.testng.reporters.JUnitReportReporter -->
<testsuite hostname="LAPTOP-U0FAR30F" failures="0" tests="1" name="com.inter.qa.testcases.TC_03_AuthenticationTest" time="17.648" errors="0" timestamp="2022-11-22T21:27:56 IST" skipped="0">
  <testcase classname="com.inter.qa.testcases.TC_03_AuthenticationTest" name="verifyAuth" time="17.648"/>
  <system-out/>
</testsuite> <!-- com.inter.qa.testcases.TC_03_AuthenticationTest -->
