<?xml version="1.0" encoding="UTF-8"?>
<!-- Generated by org.testng.reporters.JUnitReportReporter -->
<testsuite hostname="LAPTOP-U0FAR30F" failures="0" tests="1" name="com.inter.qa.testcases.TC_05_ContextMenuTest" time="39.118" errors="0" timestamp="2022-11-23T19:54:06 IST" skipped="0">
  <testcase classname="com.inter.qa.testcases.TC_05_ContextMenuTest" name="verifyContextMenuTest" time="39.118"/>
  <system-out/>
</testsuite> <!-- com.inter.qa.testcases.TC_05_ContextMenuTest -->
