<?xml version="1.0" encoding="UTF-8"?>
<!-- Generated by org.testng.reporters.JUnitReportReporter -->
<testsuite hostname="LAPTOP-U0FAR30F" failures="0" tests="1" name="com.inter.qa.testcases.TC_09_HoversTest" time="5.830" errors="0" timestamp="2022-11-28T15:31:02 IST" skipped="0">
  <testcase classname="com.inter.qa.testcases.TC_09_HoversTest" name="verifyhovertexttest" time="5.830"/>
  <system-out/>
</testsuite> <!-- com.inter.qa.testcases.TC_09_HoversTest -->
